c:\users\sk\desktop\gamejam\kirbycurly\proj.win32\release.win32\appdelegate.obj
c:\users\sk\desktop\gamejam\kirbycurly\proj.win32\release.win32\titlescene.obj
c:\users\sk\desktop\gamejam\kirbycurly\proj.win32\release.win32\helloworldscene.obj
c:\users\sk\desktop\gamejam\kirbycurly\proj.win32\release.win32\dialog.obj
c:\users\sk\desktop\gamejam\kirbycurly\proj.win32\release.win32\logoscene.obj
c:\users\sk\desktop\gamejam\kirbycurly\proj.win32\release.win32\uipopupwindow.obj
c:\users\sk\desktop\gamejam\kirbycurly\proj.win32\release.win32\gamescene.obj
c:\users\sk\desktop\gamejam\kirbycurly\proj.win32\release.win32\actionscene.obj
c:\users\sk\desktop\gamejam\kirbycurly\proj.win32\release.win32\ui_popupwindowbase.obj
c:\users\sk\desktop\gamejam\kirbycurly\proj.win32\release.win32\datamanager.obj
c:\users\sk\desktop\gamejam\kirbycurly\proj.win32\release.win32\main.obj
c:\users\sk\desktop\gamejam\kirbycurly\proj.win32\release.win32\room.obj
c:\users\sk\desktop\gamejam\kirbycurly\proj.win32\release.win32\vc140.pdb
c:\users\sk\desktop\gamejam\kirbycurly\proj.win32\release.win32\clock.obj
c:\users\sk\desktop\gamejam\kirbycurly\proj.win32\release.win32\kirbycurly.lib
c:\users\sk\desktop\gamejam\kirbycurly\proj.win32\release.win32\kirbycurly.exp
c:\users\sk\desktop\gamejam\kirbycurly\proj.win32\kirbycurly.cab
c:\users\sk\desktop\gamejam\kirbycurly\proj.win32\release.win32\kirbycurly.exe
c:\users\sk\desktop\gamejam\kirbycurly\proj.win32\release.win32\kirbycurly.ipdb
c:\users\sk\desktop\gamejam\kirbycurly\proj.win32\release.win32\kirbycurly.iobj
c:\users\sk\desktop\gamejam\kirbycurly\proj.win32\release.win32\kirbycurly.pdb
c:\users\sk\desktop\gamejam\kirbycurly\proj.win32\release.win32\game.res
c:\users\sk\desktop\gamejam\kirbycurly\proj.win32\release.win32\kirbycurly.vcxprojresolveassemblyreference.cache
c:\users\sk\desktop\gamejam\kirbycurly\proj.win32\release.win32\libcocos2d.exp
c:\users\sk\desktop\gamejam\kirbycurly\proj.win32\release.win32\libcocos2d.pdb
c:\users\sk\desktop\gamejam\kirbycurly\proj.win32\release.win32\kirbycurly.tlog\cl.command.1.tlog
c:\users\sk\desktop\gamejam\kirbycurly\proj.win32\release.win32\kirbycurly.tlog\cl.read.1.tlog
c:\users\sk\desktop\gamejam\kirbycurly\proj.win32\release.win32\kirbycurly.tlog\cl.write.1.tlog
c:\users\sk\desktop\gamejam\kirbycurly\proj.win32\release.win32\kirbycurly.tlog\kirbycurly.write.1u.tlog
c:\users\sk\desktop\gamejam\kirbycurly\proj.win32\release.win32\kirbycurly.tlog\link.command.1.tlog
c:\users\sk\desktop\gamejam\kirbycurly\proj.win32\release.win32\kirbycurly.tlog\link.read.1.tlog
c:\users\sk\desktop\gamejam\kirbycurly\proj.win32\release.win32\kirbycurly.tlog\link.write.1.tlog
c:\users\sk\desktop\gamejam\kirbycurly\proj.win32\release.win32\kirbycurly.tlog\rc.command.1.tlog
c:\users\sk\desktop\gamejam\kirbycurly\proj.win32\release.win32\kirbycurly.tlog\rc.read.1.tlog
c:\users\sk\desktop\gamejam\kirbycurly\proj.win32\release.win32\kirbycurly.tlog\rc.write.1.tlog
